0 info it worked if it ends with ok
1 verbose cli [ '/usr/local/bin/node', '/usr/local/bin/npm', 'publish' ]
2 info using npm@4.1.2
3 info using node@v6.9.1
4 verbose publish [ '.' ]
5 silly cache add args [ '.', null ]
6 verbose cache add spec .
7 silly cache add parsed spec Result {
7 silly cache add   raw: '.',
7 silly cache add   scope: null,
7 silly cache add   escapedName: null,
7 silly cache add   name: null,
7 silly cache add   rawSpec: '.',
7 silly cache add   spec: '/Users/pavlelekic/Desktop/react-native-gridview',
7 silly cache add   type: 'directory' }
8 verbose addLocalDirectory /Users/pavlelekic/.npm/rn-gridview/1.0.0/package.tgz not in flight; packing
9 verbose correctMkdir /Users/pavlelekic/.npm correctMkdir not in flight; initializing
10 info lifecycle rn-gridview@1.0.0~prepublish: rn-gridview@1.0.0
11 silly lifecycle rn-gridview@1.0.0~prepublish: no script for prepublish, continuing
12 info lifecycle rn-gridview@1.0.0~prepare: rn-gridview@1.0.0
13 silly lifecycle rn-gridview@1.0.0~prepare: no script for prepare, continuing
14 verbose tar pack [ '/Users/pavlelekic/.npm/rn-gridview/1.0.0/package.tgz',
14 verbose tar pack   '/Users/pavlelekic/Desktop/react-native-gridview' ]
15 verbose tarball /Users/pavlelekic/.npm/rn-gridview/1.0.0/package.tgz
16 verbose folder /Users/pavlelekic/Desktop/react-native-gridview
17 verbose addLocalTarball adding from inside cache /Users/pavlelekic/.npm/rn-gridview/1.0.0/package.tgz
18 verbose correctMkdir /Users/pavlelekic/.npm correctMkdir not in flight; initializing
19 silly cache afterAdd rn-gridview@1.0.0
20 verbose afterAdd /Users/pavlelekic/.npm/rn-gridview/1.0.0/package/package.json not in flight; writing
21 verbose correctMkdir /Users/pavlelekic/.npm correctMkdir not in flight; initializing
22 verbose afterAdd /Users/pavlelekic/.npm/rn-gridview/1.0.0/package/package.json written
23 silly publish { name: 'rn-gridview',
23 silly publish   version: '1.0.0',
23 silly publish   description: 'A GridView component for React Native with smarter rendering logic.',
23 silly publish   main: 'index.js',
23 silly publish   scripts: { test: 'echo "Error: no test specified" && exit 1' },
23 silly publish   repository:
23 silly publish    { type: 'git',
23 silly publish      url: 'git+https://github.com/pavlelekic/react-native-gridview.git' },
23 silly publish   keywords: [ 'react-native', 'listview', 'grid', 'gridview' ],
23 silly publish   author: { name: 'Pavle Lekic', email: 'lekic.pavle@yahoo.com' },
23 silly publish   license: 'ISC',
23 silly publish   bugs: { url: 'https://github.com/pavlelekic/react-native-gridview/issues' },
23 silly publish   homepage: 'https://github.com/pavlelekic/react-native-gridview#readme',
23 silly publish   readme: '# react-native-gridview\nA React Native component that renders a grid of items. It uses ListView under the hood.\n',
23 silly publish   readmeFilename: 'README.md',
23 silly publish   gitHead: 'c98a739bfde57e7d2ba709898331d2738a766254',
23 silly publish   _id: 'rn-gridview@1.0.0',
23 silly publish   _shasum: 'f8ca7556e999a215c92baca7ec84b85a8cb03ef1',
23 silly publish   _from: '.' }
24 info lifecycle rn-gridview@1.0.0~prepublishOnly: rn-gridview@1.0.0
25 silly lifecycle rn-gridview@1.0.0~prepublishOnly: no script for prepublishOnly, continuing
26 verbose getPublishConfig undefined
27 silly mapToRegistry name rn-gridview
28 silly mapToRegistry using default registry
29 silly mapToRegistry registry https://registry.npmjs.org/
30 silly mapToRegistry data Result {
30 silly mapToRegistry   raw: 'rn-gridview',
30 silly mapToRegistry   scope: null,
30 silly mapToRegistry   escapedName: 'rn-gridview',
30 silly mapToRegistry   name: 'rn-gridview',
30 silly mapToRegistry   rawSpec: '',
30 silly mapToRegistry   spec: 'latest',
30 silly mapToRegistry   type: 'tag' }
31 silly mapToRegistry uri https://registry.npmjs.org/rn-gridview
32 verbose publish registryBase https://registry.npmjs.org/
33 silly publish uploading /Users/pavlelekic/.npm/rn-gridview/1.0.0/package.tgz
34 verbose request uri https://registry.npmjs.org/rn-gridview
35 verbose request sending authorization for write operation
36 info attempt registry request try #1 at 3:18:22 PM
37 verbose request using bearer token for auth
38 verbose request id 20f789bf6ca2d1b6
39 http request PUT https://registry.npmjs.org/rn-gridview
40 http 403 https://registry.npmjs.org/rn-gridview
41 verbose headers { 'content-type': 'application/json',
41 verbose headers   'cache-control': 'max-age=300',
41 verbose headers   'content-length': '105',
41 verbose headers   'accept-ranges': 'bytes',
41 verbose headers   date: 'Tue, 07 Feb 2017 14:16:23 GMT',
41 verbose headers   via: '1.1 varnish',
41 verbose headers   connection: 'keep-alive',
41 verbose headers   'x-served-by': 'cache-fra1243-FRA',
41 verbose headers   'x-cache': 'MISS',
41 verbose headers   'x-cache-hits': '0',
41 verbose headers   'x-timer': 'S1486476981.598931,VS0,VE1459',
41 verbose headers   vary: 'Accept-Encoding' }
42 verbose request invalidating /Users/pavlelekic/.npm/registry.npmjs.org/rn-gridview on PUT
43 error publish Failed PUT 403
44 verbose stack Error: you do not have permission to publish "rn-gridview". Are you logged in as the correct user? : rn-gridview
44 verbose stack     at makeError (/usr/local/lib/node_modules/npm/node_modules/npm-registry-client/lib/request.js:304:12)
44 verbose stack     at CachingRegistryClient.<anonymous> (/usr/local/lib/node_modules/npm/node_modules/npm-registry-client/lib/request.js:292:14)
44 verbose stack     at Request._callback (/usr/local/lib/node_modules/npm/node_modules/npm-registry-client/lib/request.js:212:14)
44 verbose stack     at Request.self.callback (/usr/local/lib/node_modules/npm/node_modules/request/request.js:186:22)
44 verbose stack     at emitTwo (events.js:106:13)
44 verbose stack     at Request.emit (events.js:191:7)
44 verbose stack     at Request.<anonymous> (/usr/local/lib/node_modules/npm/node_modules/request/request.js:1081:10)
44 verbose stack     at emitOne (events.js:96:13)
44 verbose stack     at Request.emit (events.js:188:7)
44 verbose stack     at IncomingMessage.<anonymous> (/usr/local/lib/node_modules/npm/node_modules/request/request.js:1001:12)
45 verbose statusCode 403
46 verbose pkgid rn-gridview
47 verbose cwd /Users/pavlelekic/Desktop/react-native-gridview
48 error Darwin 16.1.0
49 error argv "/usr/local/bin/node" "/usr/local/bin/npm" "publish"
50 error node v6.9.1
51 error npm  v4.1.2
52 error code E403
53 error you do not have permission to publish "rn-gridview". Are you logged in as the correct user? : rn-gridview
54 error If you need help, you may report this error at:
54 error     <https://github.com/npm/npm/issues>
55 verbose exit [ 1, true ]
